<?xml version="1.0" encoding="UTF-8"?>
<!-- Generated by org.testng.reporters.JUnitReportReporter -->
<testsuite hostname="DESKTOP-EV76MD6" failures="0" tests="2" name="aug20.Advance_reports" time="17.938" errors="0" timestamp="2024-09-24T12:52:20 IST" skipped="0">
  <testcase classname="aug20.Advance_reports" name="secondTestcase" time="13.592"/>
  <testcase classname="aug20.Advance_reports" name="firsttestcase" time="4.346"/>
</testsuite> <!-- aug20.Advance_reports -->
